<?xml version="1.0" encoding="UTF-8"?>
<!-- Generated by org.testng.reporters.JUnitReportReporter -->
<testsuite hostname="DESKTOP-A7P2VQD" failures="0" tests="2" name="selenium1.TestNgDemo" time="30.863" errors="0" timestamp="2023-09-06T21:16:45 IST" skipped="0">
  <testcase classname="selenium1.TestNgDemo" name="demotest1" time="15.720"/>
  <system-out/>
  <testcase classname="selenium1.TestNgDemo" name="demotest" time="15.143"/>
  <system-out/>
</testsuite> <!-- selenium1.TestNgDemo -->
