<?xml version="1.0" encoding="UTF-8"?>
<!-- Generated by org.testng.reporters.JUnitReportReporter -->
<testsuite hostname="DESKTOP-A7P2VQD" failures="0" tests="1" name="TestNg.Priorities" time="15.117" errors="0" timestamp="2023-09-11T12:08:40 IST" skipped="0">
  <testcase classname="TestNg.Priorities" name="login" time="15.117"/>
  <system-out/>
</testsuite> <!-- TestNg.Priorities -->
