<?xml version="1.0" encoding="UTF-8"?>
<!-- Generated by org.testng.reporters.JUnitReportReporter -->
<testsuite hostname="DESKTOP-A7P2VQD" failures="0" tests="1" name="selenium1.Demo" time="11.785" errors="0" timestamp="2023-08-09T10:48:13 IST" skipped="0">
  <testcase classname="selenium1.Demo" name="test1" time="11.785"/>
  <system-out/>
</testsuite> <!-- selenium1.Demo -->
