<?xml version="1.0" encoding="UTF-8"?>
<!-- Generated by org.testng.reporters.JUnitReportReporter -->
<testsuite hostname="DESKTOP-A7P2VQD" failures="0" tests="1" name="selenium1.TaskTestNg" time="13.820" errors="0" timestamp="2023-09-06T14:17:15 IST" skipped="0">
  <testcase classname="selenium1.TaskTestNg" name="table" time="13.820"/>
  <system-out/>
</testsuite> <!-- selenium1.TaskTestNg -->
